<?xml version="1.0" encoding="UTF-8"?>
<testsuite xmlns:xsi="http://www.w3.org/2001/XMLSchema-instance" xsi:noNamespaceSchemaLocation="https://maven.apache.org/surefire/maven-surefire-plugin/xsd/surefire-test-report-3.0.xsd" version="3.0" name="com.jonas.iniflex.Services.ServiceTest" time="0.42" tests="10" errors="0" skipped="0" failures="0">
  <properties>
    <property name="java.specification.version" value="15"/>
    <property name="sun.cpu.isalist" value="amd64"/>
    <property name="sun.jnu.encoding" value="Cp1252"/>
    <property name="java.class.path" value="C:\Users\Jonas\Documents\NetBeansProjects\Iniflex\target\test-classes;C:\Users\Jonas\Documents\NetBeansProjects\Iniflex\target\classes;C:\Users\Jonas\.m2\repository\org\junit\jupiter\junit-jupiter-api\5.6.0\junit-jupiter-api-5.6.0.jar;C:\Users\Jonas\.m2\repository\org\apiguardian\apiguardian-api\1.1.0\apiguardian-api-1.1.0.jar;C:\Users\Jonas\.m2\repository\org\opentest4j\opentest4j\1.2.0\opentest4j-1.2.0.jar;C:\Users\Jonas\.m2\repository\org\junit\platform\junit-platform-commons\1.6.0\junit-platform-commons-1.6.0.jar;C:\Users\Jonas\.m2\repository\org\junit\jupiter\junit-jupiter-params\5.6.0\junit-jupiter-params-5.6.0.jar;C:\Users\Jonas\.m2\repository\org\junit\jupiter\junit-jupiter-engine\5.6.0\junit-jupiter-engine-5.6.0.jar;C:\Users\Jonas\.m2\repository\org\junit\platform\junit-platform-engine\1.6.0\junit-platform-engine-1.6.0.jar;"/>
    <property name="java.vm.vendor" value="Oracle Corporation"/>
    <property name="sun.arch.data.model" value="64"/>
    <property name="user.variant" value=""/>
    <property name="java.vendor.url" value="https://java.oracle.com/"/>
    <property name="user.timezone" value="America/Sao_Paulo"/>
    <property name="os.name" value="Windows 10"/>
    <property name="java.vm.specification.version" value="15"/>
    <property name="user.country" value="BR"/>
    <property name="sun.java.launcher" value="SUN_STANDARD"/>
    <property name="sun.boot.library.path" value="C:\Program Files\Java\jdk-15.0.1\bin"/>
    <property name="sun.java.command" value="C:\Users\Jonas\AppData\Local\Temp\surefire6850890798120545957\surefirebooter14672203358658964647.jar C:\Users\Jonas\AppData\Local\Temp\surefire6850890798120545957 2023-01-19T14-37-37_137-jvmRun1 surefire1891810798015257579tmp surefire_08445133008713922597tmp"/>
    <property name="jdk.debug" value="release"/>
    <property name="test" value="com.jonas.iniflex.Services.ServiceTest"/>
    <property name="surefire.test.class.path" value="C:\Users\Jonas\Documents\NetBeansProjects\Iniflex\target\test-classes;C:\Users\Jonas\Documents\NetBeansProjects\Iniflex\target\classes;C:\Users\Jonas\.m2\repository\org\junit\jupiter\junit-jupiter-api\5.6.0\junit-jupiter-api-5.6.0.jar;C:\Users\Jonas\.m2\repository\org\apiguardian\apiguardian-api\1.1.0\apiguardian-api-1.1.0.jar;C:\Users\Jonas\.m2\repository\org\opentest4j\opentest4j\1.2.0\opentest4j-1.2.0.jar;C:\Users\Jonas\.m2\repository\org\junit\platform\junit-platform-commons\1.6.0\junit-platform-commons-1.6.0.jar;C:\Users\Jonas\.m2\repository\org\junit\jupiter\junit-jupiter-params\5.6.0\junit-jupiter-params-5.6.0.jar;C:\Users\Jonas\.m2\repository\org\junit\jupiter\junit-jupiter-engine\5.6.0\junit-jupiter-engine-5.6.0.jar;C:\Users\Jonas\.m2\repository\org\junit\platform\junit-platform-engine\1.6.0\junit-platform-engine-1.6.0.jar;"/>
    <property name="sun.cpu.endian" value="little"/>
    <property name="user.home" value="C:\Users\Jonas"/>
    <property name="user.language" value="pt"/>
    <property name="java.specification.vendor" value="Oracle Corporation"/>
    <property name="java.version.date" value="2020-10-20"/>
    <property name="java.home" value="C:\Program Files\Java\jdk-15.0.1"/>
    <property name="file.separator" value="\"/>
    <property name="basedir" value="C:\Users\Jonas\Documents\NetBeansProjects\Iniflex"/>
    <property name="java.vm.compressedOopsMode" value="32-bit"/>
    <property name="line.separator" value="&#10;"/>
    <property name="java.vm.specification.vendor" value="Oracle Corporation"/>
    <property name="java.specification.name" value="Java Platform API Specification"/>
    <property name="surefire.real.class.path" value="C:\Users\Jonas\AppData\Local\Temp\surefire6850890798120545957\surefirebooter14672203358658964647.jar"/>
    <property name="user.script" value=""/>
    <property name="sun.management.compiler" value="HotSpot 64-Bit Tiered Compilers"/>
    <property name="java.runtime.version" value="15.0.1+9-18"/>
    <property name="user.name" value="Jonas"/>
    <property name="path.separator" value=";"/>
    <property name="os.version" value="10.0"/>
    <property name="java.runtime.name" value="Java(TM) SE Runtime Environment"/>
    <property name="file.encoding" value="UTF-8"/>
    <property name="java.vm.name" value="Java HotSpot(TM) 64-Bit Server VM"/>
    <property name="maven.ext.class.path" value="C:\Program Files\NetBeans-12.1\netbeans\java\maven-nblib\netbeans-eventspy.jar"/>
    <property name="localRepository" value="C:\Users\Jonas\.m2\repository"/>
    <property name="java.vendor.url.bug" value="https://bugreport.java.com/bugreport/"/>
    <property name="java.io.tmpdir" value="C:\Users\Jonas\AppData\Local\Temp\"/>
    <property name="java.version" value="15.0.1"/>
    <property name="user.dir" value="C:\Users\Jonas\Documents\NetBeansProjects\Iniflex"/>
    <property name="os.arch" value="amd64"/>
    <property name="java.vm.specification.name" value="Java Virtual Machine Specification"/>
    <property name="sun.os.patch.level" value=""/>
    <property name="java.library.path" value="C:\Program Files\Java\jdk-15.0.1\bin;C:\Windows\Sun\Java\bin;C:\Windows\system32;C:\Windows;C:\Python310\Scripts\;C:\Python310\;C:\Program Files\Common Files\Oracle\Java\javapath;C:\Windows\system32;C:\Windows;C:\Windows\System32\Wbem;C:\Windows\System32\WindowsPowerShell\v1.0\;C:\Windows\System32\OpenSSH\;C:\Program Files\Git\cmd;C:\Program Files\Java\jdk-15.0.1\bin;C:\Program Files\Java\javafx-sdk-15.0.1\bin;C:\Program Files\MongoDB\Server\4.4\bin;C:\Program Files\Amazon\AWSCLI\bin\;C:\Program Files\nodejs\;C:\ProgramData\chocolatey\bin;C:\Program Files\dotnet\;TWILIO_KEY;TWILIO_PHONE_FROM;TWILIO_PHONE_TO;TWILIO_SID;C:\Program Files\Microsoft SQL Server\Client SDK\ODBC\130\Tools\Binn\;C:\Program Files (x86)\Microsoft SQL Server\130\Tools\Binn\;C:\Program Files\Microsoft SQL Server\130\Tools\Binn\;C:\Program Files\Microsoft SQL Server\130\DTS\Binn\;C:\Program Files (x86)\Microsoft SQL Server\150\DTS\Binn\;C:\Program Files\Azure Data Studio\bin;C:\Program Files\Java\jdk-15.0.1\bin;C:\Program Files\heroku\bin;C:\Users\Jonas\AppData\Local\Programs\Microsoft VS Code\bin;C:\Users\Jonas\AppData\Roaming\npm;TWILIO_KEY;TWILIO_PHONE_FROM;TWILIO_PHONE_TO;TWILIO_SID;;C:\Program Files\Azure Data Studio\bin;C:\Users\Jonas\.fly\bin;."/>
    <property name="java.vm.info" value="mixed mode, sharing"/>
    <property name="java.vendor" value="Oracle Corporation"/>
    <property name="java.vm.version" value="15.0.1+9-18"/>
    <property name="sun.io.unicode.encoding" value="UnicodeLittle"/>
    <property name="java.class.version" value="59.0"/>
  </properties>
  <testcase name="whenFindListTodosFuncionarioThenReturnSuccess" classname="com.jonas.iniflex.Services.ServiceTest" time="0.174">
    <system-out><![CDATA[Lista de todos os Funcioanarios:
Joao, nasceu em 12/05/1990, possui salário de 2.284,38, função Operador
Fernando, nasceu em 20/03/1980, possui salário de 1.000,00, função Operador
ParseException: Unparseable date: "15/06/1980"
]]></system-out>
  </testcase>
  <testcase name="whenFindFuncionarioMaisVelhoThenReturnDadosFuncionarioMaisvelho" classname="com.jonas.iniflex.Services.ServiceTest" time="0.073">
    <system-out><![CDATA[Funcionario(a) com maior idade: Joao, 12/05/1990
]]></system-out>
  </testcase>
  <testcase name="whenAumentoSalarioTodosFuncionariosReturnListaComAumento" classname="com.jonas.iniflex.Services.ServiceTest" time="0.015"/>
  <testcase name="whenFindListaQtdSalarioMinimoPorFuncionarioTheReturnListaSalarioMinimo" classname="com.jonas.iniflex.Services.ServiceTest" time="0.009">
    <system-out><![CDATA[Lista de quantidade de salario minimo por funcionario.
O(a) Funcionario Joao recebe 1,88 salarios minimos
O(a) Funcionario Fernando recebe 0,83 salarios minimos
]]></system-out>
  </testcase>
  <testcase name="whenFindListaFuncionariosOrdemAlfabeticaThenReturnSuccessList" classname="com.jonas.iniflex.Services.ServiceTest" time="0.005">
    <system-out><![CDATA[Funcionarios por Ordem Alfabetica:
Fernando
Joao
]]></system-out>
  </testcase>
  <testcase name="whenFindFuncionariosMapTheReturnSuccess" classname="com.jonas.iniflex.Services.ServiceTest" time="0.011">
    <system-out><![CDATA[Funcionários agrupados por função.
Operador: [Joao, nasceu em 12/05/1990, possui salário de 2.284,38, função Operador, Fernando, nasceu em 20/03/1980, possui salário de 1.000,00, função Operador]
]]></system-out>
  </testcase>
  <testcase name="whenAddFuncionarioThenReturnSuccess" classname="com.jonas.iniflex.Services.ServiceTest" time="0.008">
    <system-out><![CDATA[ParseException: Unparseable date: "15/06/1980"
]]></system-out>
  </testcase>
  <testcase name="whenRemoveFuncionarioTheReturnSuccess" classname="com.jonas.iniflex.Services.ServiceTest" time="0.003"/>
  <testcase name="whenTotalSalarioDosFuncionariosThenReturnSomaDosSalarios" classname="com.jonas.iniflex.Services.ServiceTest" time="0.003"/>
  <testcase name="whenAniversariantesMes10E12theReturnListaAniversariantes" classname="com.jonas.iniflex.Services.ServiceTest" time="0.004">
    <system-out><![CDATA[Aniversariantes dos meses outubro e dezembro
]]></system-out>
  </testcase>
</testsuite>